*** Using Compiler 'V6.24', folder: 'd:\Users\xuan\AppData\Local\Keil_v5\ARM\ARMCLANG\Bin'
Build target 'GD32F30X_HD'
compiling system_gd32f30x.c...
compiling main.c...
compiling gd32f30x_dac.c...
compiling gd32f30x_dbg.c...
compiling gd32f30x_adc.c...
compiling gd32f30x_crc.c...
compiling systick.c...
compiling gd32f30x_it.c...
compiling gd32f30x_ctc.c...
compiling gd32f30x_bkp.c...
compiling gd32f30x_can.c...
compiling gd32f30x_enet.c...
compiling gd32f30x_exti.c...
compiling gd32f30x_dma.c...
compiling gd32f30x_fwdgt.c...
compiling gd32f30x_exmc.c...
compiling gd32f30x_gpio.c...
compiling gd32f30x_i2c.c...
compiling gd32f30x_misc.c...
compiling gd32f30x_pmu.c...
compiling gd32f30x_rcu.c...
compiling gd32f30x_rtc.c...
assembling startup_gd32f30x_hd.s...
compiling gd32f30x_fmc.c...
compiling gd32f30x_sdio.c...
compiling gd32f30x_wwdgt.c...
compiling gd32f30x_spi.c...
compiling gd32f30x_usart.c...
compiling gd32f307c_eval.c...
compiling gd32f30x_timer.c...
linking...
Program Size: Code=1452 RO-data=320 RW-data=0 ZI-data=2152  
FromELF: creating hex file...
".\output\Project.axf" - 0 Error(s), 0 Warning(s).
Build Time Elapsed:  00:00:01
